# JRE version: OpenJDK Runtime Environment (8.0_202-b03) (build 1.8.0_202-release-1483-b03)
# Java VM: OpenJDK 64-Bit Server VM (25.202-b03 mixed mode windows-amd64 compressed oops)
Heap:
 PSYoungGen      total 375296K, used 243209K [0x00000000e0000000, 0x00000000fac00000, 0x0000000100000000)
  eden space 345088K, 69% used [0x00000000e0000000,0x00000000eea46738,0x00000000f5100000)
  from space 30208K, 10% used [0x00000000f5100000,0x00000000f543c0a0,0x00000000f6e80000)
  to   space 26624K, 0% used [0x00000000f9200000,0x00000000f9200000,0x00000000fac00000)
 ParOldGen       total 143872K, used 78697K [0x00000000a0000000, 0x00000000a8c80000, 0x00000000e0000000)
  object space 143872K, 54% used [0x00000000a0000000,0x00000000a4cda788,0x00000000a8c80000)
 Metaspace       used 96684K, capacity 99899K, committed 100056K, reserved 1136640K
  class space    used 12002K, capacity 12665K, committed 12760K, reserved 1048576K
GC Heap History (10 events):
Event: 744.820 GC heap before
{Heap before GC invocations=37 (full 4):
 PSYoungGen      total 333824K, used 301056K [0x00000000e0000000, 0x00000000f6600000, 0x0000000100000000)
  eden space 301056K, 100% used [0x00000000e0000000,0x00000000f2600000,0x00000000f2600000)
  from space 32768K, 0% used [0x00000000f4580000,0x00000000f4580000,0x00000000f6580000)
  to   space 32256K, 0% used [0x00000000f2600000,0x00000000f2600000,0x00000000f4580000)
 ParOldGen       total 143872K, used 62497K [0x00000000a0000000, 0x00000000a8c80000, 0x00000000e0000000)
  object space 143872K, 43% used [0x00000000a0000000,0x00000000a3d084e0,0x00000000a8c80000)
 Metaspace       used 95838K, capacity 98983K, committed 99160K, reserved 1136640K
  class space    used 11925K, capacity 12601K, committed 12632K, reserved 1048576K
Event: 745.086 GC heap after
Heap after GC invocations=37 (full 4):
 PSYoungGen      total 333312K, used 8616K [0x00000000e0000000, 0x00000000f8d00000, 0x0000000100000000)
  eden space 301056K, 0% used [0x00000000e0000000,0x00000000e0000000,0x00000000f2600000)
  from space 32256K, 26% used [0x00000000f2600000,0x00000000f2e6a298,0x00000000f4580000)
  to   space 30720K, 0% used [0x00000000f6f00000,0x00000000f6f00000,0x00000000f8d00000)
 ParOldGen       total 143872K, used 62505K [0x00000000a0000000, 0x00000000a8c80000, 0x00000000e0000000)
  object space 143872K, 43% used [0x00000000a0000000,0x00000000a3d0a4e0,0x00000000a8c80000)
 Metaspace       used 95838K, capacity 98983K, committed 99160K, reserved 1136640K
  class space    used 11925K, capacity 12601K, committed 12632K, reserved 1048576K
}
Event: 760.088 GC heap before
{Heap before GC invocations=38 (full 4):
 PSYoungGen      total 333312K, used 309672K [0x00000000e0000000, 0x00000000f8d00000, 0x0000000100000000)
  eden space 301056K, 100% used [0x00000000e0000000,0x00000000f2600000,0x00000000f2600000)
  from space 32256K, 26% used [0x00000000f2600000,0x00000000f2e6a298,0x00000000f4580000)
  to   space 30720K, 0% used [0x00000000f6f00000,0x00000000f6f00000,0x00000000f8d00000)
 ParOldGen       total 143872K, used 62505K [0x00000000a0000000, 0x00000000a8c80000, 0x00000000e0000000)
  object space 143872K, 43% used [0x00000000a0000000,0x00000000a3d0a4e0,0x00000000a8c80000)
 Metaspace       used 95865K, capacity 98983K, committed 99160K, reserved 1136640K
  class space    used 11926K, capacity 12601K, committed 12632K, reserved 1048576K
Event: 760.300 GC heap after
Heap after GC invocations=38 (full 4):
 PSYoungGen      total 374784K, used 3984K [0x00000000e0000000, 0x00000000f8c00000, 0x0000000100000000)
  eden space 345088K, 0% used [0x00000000e0000000,0x00000000e0000000,0x00000000f5100000)
  from space 29696K, 13% used [0x00000000f6f00000,0x00000000f72e4088,0x00000000f8c00000)
  to   space 30208K, 0% used [0x00000000f5100000,0x00000000f5100000,0x00000000f6e80000)
 ParOldGen       total 143872K, used 69719K [0x00000000a0000000, 0x00000000a8c80000, 0x00000000e0000000)
  object space 143872K, 48% used [0x00000000a0000000,0x00000000a4415ea8,0x00000000a8c80000)
 Metaspace       used 95865K, capacity 98983K, committed 99160K, reserved 1136640K
  class space    used 11926K, capacity 12601K, committed 12632K, reserved 1048576K
}
Event: 778.945 GC heap before
{Heap before GC invocations=39 (full 4):
 PSYoungGen      total 374784K, used 349072K [0x00000000e0000000, 0x00000000f8c00000, 0x0000000100000000)
  eden space 345088K, 100% used [0x00000000e0000000,0x00000000f5100000,0x00000000f5100000)
  from space 29696K, 13% used [0x00000000f6f00000,0x00000000f72e4088,0x00000000f8c00000)
  to   space 30208K, 0% used [0x00000000f5100000,0x00000000f5100000,0x00000000f6e80000)
 ParOldGen       total 143872K, used 69719K [0x00000000a0000000, 0x00000000a8c80000, 0x00000000e0000000)
  object space 143872K, 48% used [0x00000000a0000000,0x00000000a4415ea8,0x00000000a8c80000)
 Metaspace       used 95922K, capacity 99119K, committed 99160K, reserved 1136640K
  class space    used 11928K, capacity 12601K, committed 12632K, reserved 1048576K
Event: 779.019 GC heap after
Heap after GC invocations=39 (full 4):
 PSYoungGen      total 375296K, used 6965K [0x00000000e0000000, 0x00000000f8c00000, 0x0000000100000000)
  eden space 345088K, 0% used [0x00000000e0000000,0x00000000e0000000,0x00000000f5100000)
  from space 30208K, 23% used [0x00000000f5100000,0x00000000f57cd7c8,0x00000000f6e80000)
  to   space 29696K, 0% used [0x00000000f6f00000,0x00000000f6f00000,0x00000000f8c00000)
 ParOldGen       total 143872K, used 72457K [0x00000000a0000000, 0x00000000a8c80000, 0x00000000e0000000)
  object space 143872K, 50% used [0x00000000a0000000,0x00000000a46c2628,0x00000000a8c80000)
 Metaspace       used 95922K, capacity 99119K, committed 99160K, reserved 1136640K
  class space    used 11928K, capacity 12601K, committed 12632K, reserved 1048576K
}
Event: 795.774 GC heap before
{Heap before GC invocations=40 (full 4):
 PSYoungGen      total 375296K, used 352053K [0x00000000e0000000, 0x00000000f8c00000, 0x0000000100000000)
  eden space 345088K, 100% used [0x00000000e0000000,0x00000000f5100000,0x00000000f5100000)
  from space 30208K, 23% used [0x00000000f5100000,0x00000000f57cd7c8,0x00000000f6e80000)
  to   space 29696K, 0% used [0x00000000f6f00000,0x00000000f6f00000,0x00000000f8c00000)
 ParOldGen       total 143872K, used 72457K [0x00000000a0000000, 0x00000000a8c80000, 0x00000000e0000000)
  object space 143872K, 50% used [0x00000000a0000000,0x00000000a46c2628,0x00000000a8c80000)
 Metaspace       used 96001K, capacity 99203K, committed 99416K, reserved 1136640K
  class space    used 11930K, capacity 12603K, committed 12632K, reserved 1048576K
Event: 795.877 GC heap after
Heap after GC invocations=40 (full 4):
 PSYoungGen      total 374784K, used 7899K [0x00000000e0000000, 0x00000000f8c00000, 0x0000000100000000)
  eden space 345088K, 0% used [0x00000000e0000000,0x00000000e0000000,0x00000000f5100000)
  from space 29696K, 26% used [0x00000000f6f00000,0x00000000f76b6ed8,0x00000000f8c00000)
  to   space 30208K, 0% used [0x00000000f5100000,0x00000000f5100000,0x00000000f6e80000)
 ParOldGen       total 143872K, used 73858K [0x00000000a0000000, 0x00000000a8c80000, 0x00000000e0000000)
  object space 143872K, 51% used [0x00000000a0000000,0x00000000a4820b70,0x00000000a8c80000)
 Metaspace       used 96001K, capacity 99203K, committed 99416K, reserved 1136640K
  class space    used 11930K, capacity 12603K, committed 12632K, reserved 1048576K
}
Event: 813.207 GC heap before
{Heap before GC invocations=41 (full 4):
 PSYoungGen      total 374784K, used 352987K [0x00000000e0000000, 0x00000000f8c00000, 0x0000000100000000)
  eden space 345088K, 100% used [0x00000000e0000000,0x00000000f5100000,0x00000000f5100000)
  from space 29696K, 26% used [0x00000000f6f00000,0x00000000f76b6ed8,0x00000000f8c00000)
  to   space 30208K, 0% used [0x00000000f5100000,0x00000000f5100000,0x00000000f6e80000)
 ParOldGen       total 143872K, used 73858K [0x00000000a0000000, 0x00000000a8c80000, 0x00000000e0000000)
  object space 143872K, 51% used [0x00000000a0000000,0x00000000a4820b70,0x00000000a8c80000)
 Metaspace       used 96029K, capacity 99203K, committed 99416K, reserved 1136640K
  class space    used 11931K, capacity 12603K, committed 12632K, reserved 1048576K
Event: 813.270 GC heap after
Heap after GC invocations=41 (full 4):
 PSYoungGen      total 375296K, used 3312K [0x00000000e0000000, 0x00000000fac00000, 0x0000000100000000)
  eden space 345088K, 0% used [0x00000000e0000000,0x00000000e0000000,0x00000000f5100000)
  from space 30208K, 10% used [0x00000000f5100000,0x00000000f543c0a0,0x00000000f6e80000)
  to   space 26624K, 0% used [0x00000000f9200000,0x00000000f9200000,0x00000000fac00000)
 ParOldGen       total 143872K, used 78697K [0x00000000a0000000, 0x00000000a8c80000, 0x00000000e0000000)
  object space 143872K, 54% used [0x00000000a0000000,0x00000000a4cda788,0x00000000a8c80000)
 Metaspace       used 96029K, capacity 99203K, committed 99416K, reserved 1136640K
  class space    used 11931K, capacity 12603K, committed 12632K, reserved 1048576K
}

